<?xml version="1.0" encoding="UTF-8"?>
<testng-results ignored="0" total="2" passed="2" failed="0" skipped="0">
  <reporter-output>
  </reporter-output>
  <suite started-at="2021-02-10T11:17:44 IST" name="Default suite" finished-at="2021-02-10T11:18:00 IST" duration-ms="15737">
    <groups>
    </groups>
    <test started-at="2021-02-10T11:17:44 IST" name="Default test" finished-at="2021-02-10T11:18:00 IST" duration-ms="15737">
      <class name="testrunner.Registrationrunner">
        <test-method signature="runner(java.lang.String)[pri:0, instance:testrunner.Registrationrunner@1eb5174b]" started-at="2021-02-10T11:17:44 IST" name="runner" data-provider="dp" finished-at="2021-02-10T11:17:52 IST" duration-ms="8347" status="PASS">
          <params>
            <param index="0">
              <value>
                <![CDATA[https://www.marathishaadi.com,Marathi]]>
              </value>
            </param>
          </params>
          <reporter-output>
          </reporter-output>
        </test-method> <!-- runner -->
        <test-method signature="runner(java.lang.String)[pri:0, instance:testrunner.Registrationrunner@1eb5174b]" started-at="2021-02-10T11:17:52 IST" name="runner" data-provider="dp" finished-at="2021-02-10T11:17:59 IST" duration-ms="7158" status="PASS">
          <params>
            <param index="0">
              <value>
                <![CDATA[https://www.gujaratishaadi.com,Gujarati]]>
              </value>
            </param>
          </params>
          <reporter-output>
          </reporter-output>
        </test-method> <!-- runner -->
        <test-method is-config="true" signature="closeDriver()[pri:0, instance:testrunner.Registrationrunner@1eb5174b]" started-at="2021-02-10T11:17:59 IST" name="closeDriver" finished-at="2021-02-10T11:18:00 IST" duration-ms="158" status="PASS">
          <reporter-output>
          </reporter-output>
        </test-method> <!-- closeDriver -->
      </class> <!-- testrunner.Registrationrunner -->
    </test> <!-- Default test -->
  </suite> <!-- Default suite -->
</testng-results>
